[2025-07-18 19:47:34]: Starting build for depot 3891341, content path is "/Users/larrydarrell/steamSDK/tools/ContentBuilder/content/TableforNone_mac", build flags 0x0
[2025-07-18 19:47:34]: Building file listing for depot 3891341 ...
[2025-07-18 19:47:34]: Found 233 files for mapping: /Users/larrydarrell/steamSDK/tools/ContentBuilder/content/TableforNone_mac * -> .
[2025-07-18 19:47:34]: Found 233 files (162 MB) for depot 3891341
[2025-07-18 19:47:34]: Building depot 3891341, no baseline manifest
[2025-07-18 19:47:35]: Found 331 new chunks ( 0 used previously ) for depot 3891341, took 0 minutes, 0 seconds
[2025-07-18 19:47:35]: Changes to baseline manifest 0 :
[2025-07-18 19:47:35]: Added  : ".DS_Store" 7 KB 
[2025-07-18 19:47:35]: Added  : "Table for None.app" 0 KB ,Flags: 64
[2025-07-18 19:47:35]: Added  : "Table for None.app\Contents" 0 KB ,Flags: 64
[2025-07-18 19:47:35]: Added  : "Table for None.app\Contents\Frameworks" 0 KB ,Flags: 64
[2025-07-18 19:47:35]: Added  : "Table for None.app\Contents\Frameworks\libmono-native.dylib" 1627 KB 
[2025-07-18 19:47:35]: Added  : "Table for None.app\Contents\Frameworks\libmonobdwgc-2.0.dylib" 6887 KB 
[2025-07-18 19:47:35]: Added  : "Table for None.app\Contents\Frameworks\libMonoPosixHelper.dylib" 554 KB 
[2025-07-18 19:47:35]: Added  : "Table for None.app\Contents\Frameworks\UnityPlayer.dylib" 54617 KB 
[2025-07-18 19:47:35]: Added  : "Table for None.app\Contents\Info.plist" 2 KB 
[2025-07-18 19:47:35]: Added  : "Table for None.app\Contents\MacOS" 0 KB ,Flags: 64
[2025-07-18 19:47:35]: Added  : "Table for None.app\Contents\MacOS\Table for None" 113 KB 
[2025-07-18 19:47:35]: Added  : "Table for None.app\Contents\MonoBleedingEdge" 0 KB ,Flags: 64
[2025-07-18 19:47:35]: Added  : "Table for None.app\Contents\MonoBleedingEdge\etc" 0 KB ,Flags: 64
[2025-07-18 19:47:35]: Added  : "Table for None.app\Contents\MonoBleedingEdge\etc\mono" 0 KB ,Flags: 64
[2025-07-18 19:47:35]: Added  : "Table for None.app\Contents\MonoBleedingEdge\etc\mono\2.0" 0 KB ,Flags: 64
[2025-07-18 19:47:35]: Added  : "Table for None.app\Contents\MonoBleedingEdge\etc\mono\2.0\Browsers" 0 KB ,Flags: 64
[2025-07-18 19:47:35]: Added  : "Table for None.app\Contents\MonoBleedingEdge\etc\mono\2.0\Browsers\Compat.browser" 2 KB 
[2025-07-18 19:47:35]: Added  : "Table for None.app\Contents\MonoBleedingEdge\etc\mono\2.0\DefaultWsdlHelpGenerator.aspx" 60 KB 
[2025-07-18 19:47:35]: Added  : "Table for None.app\Contents\MonoBleedingEdge\etc\mono\2.0\machine.config" 29 KB 
[2025-07-18 19:47:35]: Added  : "Table for None.app\Contents\MonoBleedingEdge\etc\mono\2.0\settings.map" 3 KB 
[2025-07-18 19:47:35]: Added  : "Table for None.app\Contents\MonoBleedingEdge\etc\mono\2.0\web.config" 12 KB 
[2025-07-18 19:47:35]: Added  : "Table for None.app\Contents\MonoBleedingEdge\etc\mono\4.0" 0 KB ,Flags: 64
[2025-07-18 19:47:35]: Added  : "Table for None.app\Contents\MonoBleedingEdge\etc\mono\4.0\Browsers" 0 KB ,Flags: 64
[2025-07-18 19:47:35]: Added  : "Table for None.app\Contents\MonoBleedingEdge\etc\mono\4.0\Browsers\Compat.browser" 2 KB 
[2025-07-18 19:47:35]: Added  : "Table for None.app\Contents\MonoBleedingEdge\etc\mono\4.0\DefaultWsdlHelpGenerator.aspx" 60 KB 
[2025-07-18 19:47:35]: Added  : "Table for None.app\Contents\MonoBleedingEdge\etc\mono\4.0\machine.config" 33 KB 
[2025-07-18 19:47:35]: Added  : "Table for None.app\Contents\MonoBleedingEdge\etc\mono\4.0\settings.map" 3 KB 
[2025-07-18 19:47:35]: Added  : "Table for None.app\Contents\MonoBleedingEdge\etc\mono\4.0\web.config" 19 KB 
[2025-07-18 19:47:35]: Added  : "Table for None.app\Contents\MonoBleedingEdge\etc\mono\4.5" 0 KB ,Flags: 64
[2025-07-18 19:47:35]: Added  : "Table for None.app\Contents\MonoBleedingEdge\etc\mono\4.5\Browsers" 0 KB ,Flags: 64
[2025-07-18 19:47:35]: Added  : "Table for None.app\Contents\MonoBleedingEdge\etc\mono\4.5\Browsers\Compat.browser" 2 KB 
[2025-07-18 19:47:35]: Added  : "Table for None.app\Contents\MonoBleedingEdge\etc\mono\4.5\DefaultWsdlHelpGenerator.aspx" 60 KB 
[2025-07-18 19:47:35]: Added  : "Table for None.app\Contents\MonoBleedingEdge\etc\mono\4.5\machine.config" 34 KB 
[2025-07-18 19:47:35]: Added  : "Table for None.app\Contents\MonoBleedingEdge\etc\mono\4.5\settings.map" 3 KB 
[2025-07-18 19:47:35]: Added  : "Table for None.app\Contents\MonoBleedingEdge\etc\mono\4.5\web.config" 19 KB 
[2025-07-18 19:47:35]: Added  : "Table for None.app\Contents\MonoBleedingEdge\etc\mono\browscap.ini" 305 KB 
[2025-07-18 19:47:35]: Added  : "Table for None.app\Contents\MonoBleedingEdge\etc\mono\config" 4 KB 
[2025-07-18 19:47:35]: Added  : "Table for None.app\Contents\MonoBleedingEdge\etc\mono\mconfig" 0 KB ,Flags: 64
[2025-07-18 19:47:35]: Added  : "Table for None.app\Contents\MonoBleedingEdge\etc\mono\mconfig\config.xml" 26 KB 
[2025-07-18 19:47:35]: Added  : "Table for None.app\Contents\PlugIns" 0 KB ,Flags: 64
[2025-07-18 19:47:35]: Added  : "Table for None.app\Contents\PlugIns\fmodstudio.bundle" 0 KB ,Flags: 64
[2025-07-18 19:47:35]: Added  : "Table for None.app\Contents\PlugIns\fmodstudio.bundle\Contents" 0 KB ,Flags: 64
[2025-07-18 19:47:35]: Added  : "Table for None.app\Contents\PlugIns\fmodstudio.bundle\Contents\Info.plist" 1 KB 
[2025-07-18 19:47:35]: Added  : "Table for None.app\Contents\PlugIns\fmodstudio.bundle\Contents\MacOS" 0 KB ,Flags: 64
[2025-07-18 19:47:35]: Added  : "Table for None.app\Contents\PlugIns\fmodstudio.bundle\Contents\MacOS\fmodstudio" 4532 KB 
[2025-07-18 19:47:35]: Added  : "Table for None.app\Contents\PlugIns\fmodstudio.bundle\Contents\_CodeSignature" 0 KB ,Flags: 64
[2025-07-18 19:47:35]: Added  : "Table for None.app\Contents\PlugIns\fmodstudio.bundle\Contents\_CodeSignature\CodeResources" 3 KB 
[2025-07-18 19:47:35]: Added  : "Table for None.app\Contents\PlugIns\HotReloadNativeHelper.dylib" 149 KB 
[2025-07-18 19:47:35]: Added  : "Table for None.app\Contents\PlugIns\lib_burst_generated.bundle" 536 KB 
[2025-07-18 19:47:35]: Added  : "Table for None.app\Contents\PlugIns\resonanceaudio.bundle" 0 KB ,Flags: 64
[2025-07-18 19:47:35]: Added  : "Table for None.app\Contents\PlugIns\resonanceaudio.bundle\Contents" 0 KB ,Flags: 64
[2025-07-18 19:47:35]: Added  : "Table for None.app\Contents\PlugIns\resonanceaudio.bundle\Contents\Info.plist" 1 KB 
[2025-07-18 19:47:35]: Added  : "Table for None.app\Contents\PlugIns\resonanceaudio.bundle\Contents\MacOS" 0 KB ,Flags: 64
[2025-07-18 19:47:35]: Added  : "Table for None.app\Contents\PlugIns\resonanceaudio.bundle\Contents\MacOS\resonanceaudio" 1401 KB 
[2025-07-18 19:47:35]: Added  : "Table for None.app\Contents\PlugIns\resonanceaudio.bundle\Contents\_CodeSignature" 0 KB ,Flags: 64
[2025-07-18 19:47:35]: Added  : "Table for None.app\Contents\PlugIns\resonanceaudio.bundle\Contents\_CodeSignature\CodeResources" 3 KB 
[2025-07-18 19:47:35]: Added  : "Table for None.app\Contents\Resources" 0 KB ,Flags: 64
[2025-07-18 19:47:35]: Added  : "Table for None.app\Contents\Resources\Data" 0 KB ,Flags: 64
[2025-07-18 19:47:35]: Added  : "Table for None.app\Contents\Resources\Data\app.info" 1 KB 
[2025-07-18 19:47:35]: Added  : "Table for None.app\Contents\Resources\Data\boot.config" 1 KB 
[2025-07-18 19:47:35]: Added  : "Table for None.app\Contents\Resources\Data\globalgamemanagers" 205 KB 
[2025-07-18 19:47:35]: Added  : "Table for None.app\Contents\Resources\Data\globalgamemanagers.assets" 1120 KB 
[2025-07-18 19:47:35]: Added  : "Table for None.app\Contents\Resources\Data\globalgamemanagers.assets.resS" 6591 KB 
[2025-07-18 19:47:35]: Added  : "Table for None.app\Contents\Resources\Data\level0" 97 KB 
[2025-07-18 19:47:35]: Added  : "Table for None.app\Contents\Resources\Data\level1" 1477 KB 
[2025-07-18 19:47:35]: Added  : "Table for None.app\Contents\Resources\Data\Managed" 0 KB ,Flags: 64
[2025-07-18 19:47:35]: Added  : "Table for None.app\Contents\Resources\Data\Managed\AllIn1SpriteShaderAssembly.dll" 29 KB 
[2025-07-18 19:47:35]: Added  : "Table for None.app\Contents\Resources\Data\Managed\Assembly-CSharp.dll" 835 KB 
[2025-07-18 19:47:35]: Added  : "Table for None.app\Contents\Resources\Data\Managed\FMODUnity.dll" 224 KB 
[2025-07-18 19:47:35]: Added  : "Table for None.app\Contents\Resources\Data\Managed\FMODUnityResonance.dll" 11 KB 
[2025-07-18 19:47:35]: Added  : "Table for None.app\Contents\Resources\Data\Managed\Mono.Security.dll" 236 KB 
[2025-07-18 19:47:35]: Added  : "Table for None.app\Contents\Resources\Data\Managed\mscorlib.dll" 4517 KB 
[2025-07-18 19:47:35]: Added  : "Table for None.app\Contents\Resources\Data\Managed\netstandard.dll" 89 KB 
[2025-07-18 19:47:35]: Added  : "Table for None.app\Contents\Resources\Data\Managed\Newtonsoft.Json.dll" 676 KB 
[2025-07-18 19:47:35]: Added  : "Table for None.app\Contents\Resources\Data\Managed\SingularityGroup.HotReload.Runtime.dll" 4 KB 
[2025-07-18 19:47:35]: Added  : "Table for None.app\Contents\Resources\Data\Managed\SingularityGroup.HotReload.Runtime.Public.dll" 7 KB 
[2025-07-18 19:47:35]: Added  : "Table for None.app\Contents\Resources\Data\Managed\System.ComponentModel.Composition.dll" 251 KB 
[2025-07-18 19:47:35]: Added  : "Table for None.app\Contents\Resources\Data\Managed\System.Configuration.dll" 122 KB 
[2025-07-18 19:47:35]: Added  : "Table for None.app\Contents\Resources\Data\Managed\System.Core.dll" 1089 KB 
[2025-07-18 19:47:35]: Added  : "Table for None.app\Contents\Resources\Data\Managed\System.Data.DataSetExtensions.dll" 29 KB 
[2025-07-18 19:47:35]: Added  : "Table for None.app\Contents\Resources\Data\Managed\System.Data.dll" 2050 KB 
[2025-07-18 19:47:35]: Added  : "Table for None.app\Contents\Resources\Data\Managed\System.dll" 2636 KB 
[2025-07-18 19:47:35]: Added  : "Table for None.app\Contents\Resources\Data\Managed\System.Drawing.dll" 479 KB 
[2025-07-18 19:47:35]: Added  : "Table for None.app\Contents\Resources\Data\Managed\System.EnterpriseServices.dll" 44 KB 
[2025-07-18 19:47:35]: Added  : "Table for None.app\Contents\Resources\Data\Managed\System.IO.Compression.dll" 112 KB 
[2025-07-18 19:47:35]: Added  : "Table for None.app\Contents\Resources\Data\Managed\System.IO.Compression.FileSystem.dll" 18 KB 
[2025-07-18 19:47:35]: Added  : "Table for None.app\Contents\Resources\Data\Managed\System.Net.Http.dll" 275 KB 
[2025-07-18 19:47:35]: Added  : "Table for None.app\Contents\Resources\Data\Managed\System.Numerics.dll" 117 KB 
[2025-07-18 19:47:35]: Added  : "Table for None.app\Contents\Resources\Data\Managed\System.Runtime.dll" 12 KB 
[2025-07-18 19:47:35]: Added  : "Table for None.app\Contents\Resources\Data\Managed\System.Runtime.Serialization.dll" 913 KB 
[2025-07-18 19:47:35]: Added  : "Table for None.app\Contents\Resources\Data\Managed\System.Security.dll" 308 KB 
[2025-07-18 19:47:35]: Added  : "Table for None.app\Contents\Resources\Data\Managed\System.ServiceModel.Internals.dll" 210 KB 
[2025-07-18 19:47:35]: Added  : "Table for None.app\Contents\Resources\Data\Managed\System.Transactions.dll" 35 KB 
[2025-07-18 19:47:35]: Added  : "Table for None.app\Contents\Resources\Data\Managed\System.Xml.dll" 3086 KB 
[2025-07-18 19:47:35]: Added  : "Table for None.app\Contents\Resources\Data\Managed\System.Xml.Linq.dll" 134 KB 
[2025-07-18 19:47:35]: Added  : "Table for None.app\Contents\Resources\Data\Managed\Unity.2D.Animation.Runtime.dll" 69 KB 
[2025-07-18 19:47:35]: Added  : "Table for None.app\Contents\Resources\Data\Managed\Unity.2D.Common.Runtime.dll" 44 KB 
[2025-07-18 19:47:35]: Added  : "Table for None.app\Contents\Resources\Data\Managed\Unity.2D.IK.Runtime.dll" 20 KB 
[2025-07-18 19:47:35]: Added  : "Table for None.app\Contents\Resources\Data\Managed\Unity.2D.PixelPerfect.dll" 12 KB 
[2025-07-18 19:47:35]: Added  : "Table for None.app\Contents\Resources\Data\Managed\Unity.2D.SpriteShape.Runtime.dll" 103 KB 
[2025-07-18 19:47:35]: Added  : "Table for None.app\Contents\Resources\Data\Managed\Unity.2D.Tilemap.Extras.dll" 33 KB 
[2025-07-18 19:47:35]: Added  : "Table for None.app\Contents\Resources\Data\Managed\Unity.Addressables.dll" 109 KB 
[2025-07-18 19:47:35]: Added  : "Table for None.app\Contents\Resources\Data\Managed\Unity.Burst.dll" 309 KB 
[2025-07-18 19:47:35]: Added  : "Table for None.app\Contents\Resources\Data\Managed\Unity.Burst.Unsafe.dll" 6 KB 
[2025-07-18 19:47:35]: Added  : "Table for None.app\Contents\Resources\Data\Managed\Unity.Collections.dll" 356 KB 
[2025-07-18 19:47:35]: Added  : "Table for None.app\Contents\Resources\Data\Managed\Unity.Collections.LowLevel.ILSupport.dll" 4 KB 
[2025-07-18 19:47:35]: Added  : "Table for None.app\Contents\Resources\Data\Managed\Unity.InputSystem.dll" 1084 KB 
[2025-07-18 19:47:35]: Added  : "Table for None.app\Contents\Resources\Data\Managed\Unity.InputSystem.ForUI.dll" 4 KB 
[2025-07-18 19:47:35]: Added  : "Table for None.app\Contents\Resources\Data\Managed\Unity.InternalAPIEngineBridge.001.dll" 6 KB 
[2025-07-18 19:47:35]: Added  : "Table for None.app\Contents\Resources\Data\Managed\Unity.InternalAPIEngineBridge.013.dll" 6 KB 
[2025-07-18 19:47:35]: Added  : "Table for None.app\Contents\Resources\Data\Managed\Unity.Localization.dll" 283 KB 
[2025-07-18 19:47:35]: Added  : "Table for None.app\Contents\Resources\Data\Managed\Unity.Mathematics.dll" 724 KB 
[2025-07-18 19:47:35]: Added  : "Table for None.app\Contents\Resources\Data\Managed\Unity.Postprocessing.Runtime.dll" 159 KB 
[2025-07-18 19:47:35]: Added  : "Table for None.app\Contents\Resources\Data\Managed\Unity.Recorder.Base.dll" 6 KB 
[2025-07-18 19:47:35]: Added  : "Table for None.app\Contents\Resources\Data\Managed\Unity.Recorder.dll" 7 KB 
[2025-07-18 19:47:35]: Added  : "Table for None.app\Contents\Resources\Data\Managed\Unity.RenderPipeline.Universal.ShaderLibrary.dll" 8 KB 
[2025-07-18 19:47:35]: Added  : "Table for None.app\Contents\Resources\Data\Managed\Unity.RenderPipelines.Core.Runtime.dll" 515 KB 
[2025-07-18 19:47:35]: Added  : "Table for None.app\Contents\Resources\Data\Managed\Unity.RenderPipelines.Core.ShaderLibrary.dll" 5 KB 
[2025-07-18 19:47:35]: Added  : "Table for None.app\Contents\Resources\Data\Managed\Unity.RenderPipelines.ShaderGraph.ShaderGraphLibrary.dll" 5 KB 
[2025-07-18 19:47:35]: Added  : "Table for None.app\Contents\Resources\Data\Managed\Unity.RenderPipelines.Universal.Runtime.dll" 728 KB 
[2025-07-18 19:47:35]: Added  : "Table for None.app\Contents\Resources\Data\Managed\Unity.RenderPipelines.Universal.Shaders.dll" 5 KB 
[2025-07-18 19:47:35]: Added  : "Table for None.app\Contents\Resources\Data\Managed\Unity.ResourceManager.dll" 129 KB 
[2025-07-18 19:47:35]: Added  : "Table for None.app\Contents\Resources\Data\Managed\Unity.ScriptableBuildPipeline.dll" 9 KB 
[2025-07-18 19:47:35]: Added  : "Table for None.app\Contents\Resources\Data\Managed\Unity.TextMeshPro.dll" 372 KB 
[2025-07-18 19:47:35]: Added  : "Table for None.app\Contents\Resources\Data\Managed\Unity.Timeline.dll" 125 KB 
[2025-07-18 19:47:35]: Added  : "Table for None.app\Contents\Resources\Data\Managed\Unity.VisualScripting.Antlr3.Runtime.dll" 84 KB 
[2025-07-18 19:47:35]: Added  : "Table for None.app\Contents\Resources\Data\Managed\Unity.VisualScripting.Core.dll" 611 KB 
[2025-07-18 19:47:35]: Added  : "Table for None.app\Contents\Resources\Data\Managed\Unity.VisualScripting.Flow.dll" 395 KB 
[2025-07-18 19:47:35]: Added  : "Table for None.app\Contents\Resources\Data\Managed\Unity.VisualScripting.State.dll" 32 KB 
[2025-07-18 19:47:35]: Added  : "Table for None.app\Contents\Resources\Data\Managed\UnityEngine.AccessibilityModule.dll" 13 KB 
[2025-07-18 19:47:35]: Added  : "Table for None.app\Contents\Resources\Data\Managed\UnityEngine.AIModule.dll" 47 KB 
[2025-07-18 19:47:35]: Added  : "Table for None.app\Contents\Resources\Data\Managed\UnityEngine.AndroidJNIModule.dll" 82 KB 
[2025-07-18 19:47:35]: Added  : "Table for None.app\Contents\Resources\Data\Managed\UnityEngine.AnimationModule.dll" 150 KB 
[2025-07-18 19:47:35]: Added  : "Table for None.app\Contents\Resources\Data\Managed\UnityEngine.ARModule.dll" 11 KB 
[2025-07-18 19:47:35]: Added  : "Table for None.app\Contents\Resources\Data\Managed\UnityEngine.AssetBundleModule.dll" 22 KB 
[2025-07-18 19:47:35]: Added  : "Table for None.app\Contents\Resources\Data\Managed\UnityEngine.AudioModule.dll" 59 KB 
[2025-07-18 19:47:35]: Added  : "Table for None.app\Contents\Resources\Data\Managed\UnityEngine.ClothModule.dll" 16 KB 
[2025-07-18 19:47:35]: Added  : "Table for None.app\Contents\Resources\Data\Managed\UnityEngine.ClusterInputModule.dll" 11 KB 
[2025-07-18 19:47:35]: Added  : "Table for None.app\Contents\Resources\Data\Managed\UnityEngine.ClusterRendererModule.dll" 12 KB 
[2025-07-18 19:47:35]: Added  : "Table for None.app\Contents\Resources\Data\Managed\UnityEngine.ContentLoadModule.dll" 16 KB 
[2025-07-18 19:47:35]: Added  : "Table for None.app\Contents\Resources\Data\Managed\UnityEngine.CoreModule.dll" 1331 KB 
[2025-07-18 19:47:35]: Added  : "Table for None.app\Contents\Resources\Data\Managed\UnityEngine.CrashReportingModule.dll" 11 KB 
[2025-07-18 19:47:35]: Added  : "Table for None.app\Contents\Resources\Data\Managed\UnityEngine.DirectorModule.dll" 14 KB 
[2025-07-18 19:47:35]: Added  : "Table for None.app\Contents\Resources\Data\Managed\UnityEngine.dll" 113 KB 
[2025-07-18 19:47:35]: Added  : "Table for None.app\Contents\Resources\Data\Managed\UnityEngine.DSPGraphModule.dll" 19 KB 
[2025-07-18 19:47:35]: Added  : "Table for None.app\Contents\Resources\Data\Managed\UnityEngine.GameCenterModule.dll" 38 KB 
[2025-07-18 19:47:35]: Added  : "Table for None.app\Contents\Resources\Data\Managed\UnityEngine.GIModule.dll" 10 KB 
[2025-07-18 19:47:35]: Added  : "Table for None.app\Contents\Resources\Data\Managed\UnityEngine.GridModule.dll" 14 KB 
[2025-07-18 19:47:35]: Added  : "Table for None.app\Contents\Resources\Data\Managed\UnityEngine.HotReloadModule.dll" 10 KB 
[2025-07-18 19:47:35]: Added  : "Table for None.app\Contents\Resources\Data\Managed\UnityEngine.ImageConversionModule.dll" 14 KB 
[2025-07-18 19:47:35]: Added  : "Table for None.app\Contents\Resources\Data\Managed\UnityEngine.IMGUIModule.dll" 175 KB 
[2025-07-18 19:47:35]: Added  : "Table for None.app\Contents\Resources\Data\Managed\UnityEngine.InputLegacyModule.dll" 28 KB 
[2025-07-18 19:47:35]: Added  : "Table for None.app\Contents\Resources\Data\Managed\UnityEngine.InputModule.dll" 13 KB 
[2025-07-18 19:47:35]: Added  : "Table for None.app\Contents\Resources\Data\Managed\UnityEngine.JSONSerializeModule.dll" 12 KB 
[2025-07-18 19:47:35]: Added  : "Table for None.app\Contents\Resources\Data\Managed\UnityEngine.LocalizationModule.dll" 11 KB 
[2025-07-18 19:47:35]: Added  : "Table for None.app\Contents\Resources\Data\Managed\UnityEngine.ParticleSystemModule.dll" 143 KB 
[2025-07-18 19:47:35]: Added  : "Table for None.app\Contents\Resources\Data\Managed\UnityEngine.PerformanceReportingModule.dll" 10 KB 
[2025-07-18 19:47:35]: Added  : "Table for None.app\Contents\Resources\Data\Managed\UnityEngine.Physics2DModule.dll" 128 KB 
[2025-07-18 19:47:35]: Added  : "Table for None.app\Contents\Resources\Data\Managed\UnityEngine.PhysicsModule.dll" 125 KB 
[2025-07-18 19:47:35]: Added  : "Table for None.app\Contents\Resources\Data\Managed\UnityEngine.ProfilerModule.dll" 10 KB 
[2025-07-18 19:47:35]: Added  : "Table for None.app\Contents\Resources\Data\Managed\UnityEngine.PropertiesModule.dll" 138 KB 
[2025-07-18 19:47:35]: Added  : "Table for None.app\Contents\Resources\Data\Managed\UnityEngine.RuntimeInitializeOnLoadManagerInitializerModule.dll" 10 KB 
[2025-07-18 19:47:35]: Added  : "Table for None.app\Contents\Resources\Data\Managed\UnityEngine.ScreenCaptureModule.dll" 11 KB 
[2025-07-18 19:47:35]: Added  : "Table for None.app\Contents\Resources\Data\Managed\UnityEngine.SharedInternalsModule.dll" 22 KB 
[2025-07-18 19:47:35]: Added  : "Table for None.app\Contents\Resources\Data\Managed\UnityEngine.SpriteMaskModule.dll" 11 KB 
[2025-07-18 19:47:35]: Added  : "Table for None.app\Contents\Resources\Data\Managed\UnityEngine.SpriteShapeModule.dll" 16 KB 
[2025-07-18 19:47:35]: Added  : "Table for None.app\Contents\Resources\Data\Managed\UnityEngine.StreamingModule.dll" 10 KB 
[2025-07-18 19:47:35]: Added  : "Table for None.app\Contents\Resources\Data\Managed\UnityEngine.SubstanceModule.dll" 14 KB 
[2025-07-18 19:47:35]: Added  : "Table for None.app\Contents\Resources\Data\Managed\UnityEngine.SubsystemsModule.dll" 24 KB 
[2025-07-18 19:47:35]: Added  : "Table for None.app\Contents\Resources\Data\Managed\UnityEngine.TerrainModule.dll" 89 KB 
[2025-07-18 19:47:35]: Added  : "Table for None.app\Contents\Resources\Data\Managed\UnityEngine.TerrainPhysicsModule.dll" 11 KB 
[2025-07-18 19:47:35]: Added  : "Table for None.app\Contents\Resources\Data\Managed\UnityEngine.TextCoreFontEngineModule.dll" 61 KB 
[2025-07-18 19:47:35]: Added  : "Table for None.app\Contents\Resources\Data\Managed\UnityEngine.TextCoreTextEngineModule.dll" 235 KB 
[2025-07-18 19:47:35]: Added  : "Table for None.app\Contents\Resources\Data\Managed\UnityEngine.TextRenderingModule.dll" 28 KB 
[2025-07-18 19:47:35]: Added  : "Table for None.app\Contents\Resources\Data\Managed\UnityEngine.TilemapModule.dll" 36 KB 
[2025-07-18 19:47:35]: Added  : "Table for None.app\Contents\Resources\Data\Managed\UnityEngine.TLSModule.dll" 16 KB 
[2025-07-18 19:47:35]: Added  : "Table for None.app\Contents\Resources\Data\Managed\UnityEngine.UI.dll" 259 KB 
[2025-07-18 19:47:35]: Added  : "Table for None.app\Contents\Resources\Data\Managed\UnityEngine.UIElementsModule.dll" 1470 KB 
[2025-07-18 19:47:35]: Added  : "Table for None.app\Contents\Resources\Data\Managed\UnityEngine.UIModule.dll" 26 KB 
[2025-07-18 19:47:35]: Added  : "Table for None.app\Contents\Resources\Data\Managed\UnityEngine.UmbraModule.dll" 10 KB 
[2025-07-18 19:47:35]: Added  : "Table for None.app\Contents\Resources\Data\Managed\UnityEngine.UnityAnalyticsCommonModule.dll" 10 KB 
[2025-07-18 19:47:35]: Added  : "Table for None.app\Contents\Resources\Data\Managed\UnityEngine.UnityAnalyticsModule.dll" 34 KB 
[2025-07-18 19:47:35]: Added  : "Table for None.app\Contents\Resources\Data\Managed\UnityEngine.UnityConnectModule.dll" 11 KB 
[2025-07-18 19:47:35]: Added  : "Table for None.app\Contents\Resources\Data\Managed\UnityEngine.UnityCurlModule.dll" 11 KB 
[2025-07-18 19:47:35]: Added  : "Table for None.app\Contents\Resources\Data\Managed\UnityEngine.UnityTestProtocolModule.dll" 10 KB 
[2025-07-18 19:47:35]: Added  : "Table for None.app\Contents\Resources\Data\Managed\UnityEngine.UnityWebRequestAssetBundleModule.dll" 13 KB 
[2025-07-18 19:47:35]: Added  : "Table for None.app\Contents\Resources\Data\Managed\UnityEngine.UnityWebRequestAudioModule.dll" 12 KB 
[2025-07-18 19:47:35]: Added  : "Table for None.app\Contents\Resources\Data\Managed\UnityEngine.UnityWebRequestModule.dll" 47 KB 
[2025-07-18 19:47:35]: Added  : "Table for None.app\Contents\Resources\Data\Managed\UnityEngine.UnityWebRequestTextureModule.dll" 11 KB 
[2025-07-18 19:47:35]: Added  : "Table for None.app\Contents\Resources\Data\Managed\UnityEngine.UnityWebRequestWWWModule.dll" 21 KB 
[2025-07-18 19:47:35]: Added  : "Table for None.app\Contents\Resources\Data\Managed\UnityEngine.VehiclesModule.dll" 14 KB 
[2025-07-18 19:47:35]: Added  : "Table for None.app\Contents\Resources\Data\Managed\UnityEngine.VFXModule.dll" 47 KB 
[2025-07-18 19:47:35]: Added  : "Table for None.app\Contents\Resources\Data\Managed\UnityEngine.VideoModule.dll" 30 KB 
[2025-07-18 19:47:35]: Added  : "Table for None.app\Contents\Resources\Data\Managed\UnityEngine.VirtualTexturingModule.dll" 25 KB 
[2025-07-18 19:47:35]: Added  : "Table for None.app\Contents\Resources\Data\Managed\UnityEngine.VRModule.dll" 16 KB 
[2025-07-18 19:47:35]: Added  : "Table for None.app\Contents\Resources\Data\Managed\UnityEngine.WindModule.dll" 11 KB 
[2025-07-18 19:47:35]: Added  : "Table for None.app\Contents\Resources\Data\Managed\UnityEngine.XRModule.dll" 59 KB 
[2025-07-18 19:47:35]: Added  : "Table for None.app\Contents\Resources\Data\Resources" 0 KB ,Flags: 64
[2025-07-18 19:47:35]: Added  : "Table for None.app\Contents\Resources\Data\resources.assets" 739 KB 
[2025-07-18 19:47:35]: Added  : "Table for None.app\Contents\Resources\Data\resources.assets.resS" 1373 KB 
[2025-07-18 19:47:35]: Added  : "Table for None.app\Contents\Resources\Data\Resources\unity_builtin_extra" 391 KB 
[2025-07-18 19:47:35]: Added  : "Table for None.app\Contents\Resources\Data\RuntimeInitializeOnLoads.json" 2 KB 
[2025-07-18 19:47:35]: Added  : "Table for None.app\Contents\Resources\Data\ScriptingAssemblies.json" 4 KB 
[2025-07-18 19:47:35]: Added  : "Table for None.app\Contents\Resources\Data\sharedassets0.assets" 1591 KB 
[2025-07-18 19:47:35]: Added  : "Table for None.app\Contents\Resources\Data\sharedassets0.assets.resS" 20753 KB 
[2025-07-18 19:47:35]: Added  : "Table for None.app\Contents\Resources\Data\sharedassets1.assets" 4164 KB 
[2025-07-18 19:47:35]: Added  : "Table for None.app\Contents\Resources\Data\sharedassets1.assets.resS" 16298 KB 
[2025-07-18 19:47:35]: Added  : "Table for None.app\Contents\Resources\Data\sharedassets1.resource" 6493 KB 
[2025-07-18 19:47:35]: Added  : "Table for None.app\Contents\Resources\Data\StreamingAssets" 0 KB ,Flags: 64
[2025-07-18 19:47:35]: Added  : "Table for None.app\Contents\Resources\Data\StreamingAssets\aa" 0 KB ,Flags: 64
[2025-07-18 19:47:35]: Added  : "Table for None.app\Contents\Resources\Data\StreamingAssets\aa\AddressablesLink" 0 KB ,Flags: 64
[2025-07-18 19:47:35]: Added  : "Table for None.app\Contents\Resources\Data\StreamingAssets\aa\AddressablesLink\link.xml" 3 KB 
[2025-07-18 19:47:35]: Added  : "Table for None.app\Contents\Resources\Data\StreamingAssets\aa\catalog.json" 28 KB 
[2025-07-18 19:47:35]: Added  : "Table for None.app\Contents\Resources\Data\StreamingAssets\aa\settings.json" 2 KB 
[2025-07-18 19:47:35]: Added  : "Table for None.app\Contents\Resources\Data\StreamingAssets\aa\StandaloneOSX" 0 KB ,Flags: 64
[2025-07-18 19:47:35]: Added  : "Table for None.app\Contents\Resources\Data\StreamingAssets\aa\StandaloneOSX\localization-asset-tables-english(en)_assets_all.bundle" 9 KB 
[2025-07-18 19:47:35]: Added  : "Table for None.app\Contents\Resources\Data\StreamingAssets\aa\StandaloneOSX\localization-asset-tables-korean(ko)_assets_all.bundle" 9 KB 
[2025-07-18 19:47:35]: Added  : "Table for None.app\Contents\Resources\Data\StreamingAssets\aa\StandaloneOSX\localization-assets-english(en)_assets_all.bundle" 96 KB 
[2025-07-18 19:47:35]: Added  : "Table for None.app\Contents\Resources\Data\StreamingAssets\aa\StandaloneOSX\localization-assets-korean(ko)_assets_all.bundle" 77 KB 
[2025-07-18 19:47:35]: Added  : "Table for None.app\Contents\Resources\Data\StreamingAssets\aa\StandaloneOSX\localization-assets-shared_assets_all.bundle" 7 KB 
[2025-07-18 19:47:35]: Added  : "Table for None.app\Contents\Resources\Data\StreamingAssets\aa\StandaloneOSX\localization-locales_assets_all.bundle" 3 KB 
[2025-07-18 19:47:35]: Added  : "Table for None.app\Contents\Resources\Data\StreamingAssets\BGM.bank" 1328 KB 
[2025-07-18 19:47:35]: Added  : "Table for None.app\Contents\Resources\Data\StreamingAssets\Master.bank" 2 KB 
[2025-07-18 19:47:35]: Added  : "Table for None.app\Contents\Resources\Data\StreamingAssets\Master.strings.bank" 3 KB 
[2025-07-18 19:47:35]: Added  : "Table for None.app\Contents\Resources\Data\StreamingAssets\SFX.bank" 1124 KB 
[2025-07-18 19:47:35]: Added  : "Table for None.app\Contents\Resources\DefaultPreferences.plist" 1 KB 
[2025-07-18 19:47:35]: Added  : "Table for None.app\Contents\Resources\MainMenu.nib" 0 KB ,Flags: 64
[2025-07-18 19:47:35]: Added  : "Table for None.app\Contents\Resources\MainMenu.nib\designable.nib" 5 KB 
[2025-07-18 19:47:35]: Added  : "Table for None.app\Contents\Resources\MainMenu.nib\keyedobjects.nib" 5 KB 
[2025-07-18 19:47:35]: Added  : "Table for None.app\Contents\Resources\PlayerIcon.icns" 60 KB 
[2025-07-18 19:47:35]: Added  : "Table for None.app\Contents\Resources\unity default resources" 677 KB 
[2025-07-18 19:47:35]: Added  : "Table for None.app\Contents\_CodeSignature" 0 KB ,Flags: 64
[2025-07-18 19:47:35]: Added  : "Table for None.app\Contents\_CodeSignature\CodeResources" 55 KB 
[2025-07-18 19:47:35]: Summary: 233 files added (162.40 MB), 0 files changed (0 bytes), 0 files removed (0 bytes)
[2025-07-18 19:47:35]: Uploading new manifest to 192.69.99.15:80 (handle 12455148613833744589, 45726 bytes).
[2025-07-18 19:47:36]: Success! New manifestID 5621356658804021329 created and 0 new chunks uploaded.
