[2025-08-05 15:33:50]: Starting build for depot 3891342, content path is "/Users/larrydarrell/steamSDK/tools/ContentBuilder/content/Table for None Demo", build flags 0x0
[2025-08-05 15:33:50]: Building file listing for depot 3891342 ...
[2025-08-05 15:33:50]: Found 231 files for mapping: /Users/larrydarrell/steamSDK/tools/ContentBuilder/content/Table for None Demo * -> .
[2025-08-05 15:33:50]: Found 231 files (158 MB) for depot 3891342
[2025-08-05 15:33:50]: Building depot 3891342, no baseline manifest
[2025-08-05 15:33:51]: Found 334 new chunks ( 0 used previously ) for depot 3891342, took 0 minutes, 0 seconds
[2025-08-05 15:33:51]: Changes to baseline manifest 0 :
[2025-08-05 15:33:51]: Added  : "MonoBleedingEdge" 0 KB ,Flags: 64
[2025-08-05 15:33:51]: Added  : "MonoBleedingEdge\EmbedRuntime" 0 KB ,Flags: 64
[2025-08-05 15:33:51]: Added  : "MonoBleedingEdge\EmbedRuntime\mono-2.0-bdwgc.dll" 7571 KB 
[2025-08-05 15:33:51]: Added  : "MonoBleedingEdge\EmbedRuntime\MonoPosixHelper.dll" 597 KB 
[2025-08-05 15:33:51]: Added  : "MonoBleedingEdge\etc" 0 KB ,Flags: 64
[2025-08-05 15:33:51]: Added  : "MonoBleedingEdge\etc\mono" 0 KB ,Flags: 64
[2025-08-05 15:33:51]: Added  : "MonoBleedingEdge\etc\mono\2.0" 0 KB ,Flags: 64
[2025-08-05 15:33:51]: Added  : "MonoBleedingEdge\etc\mono\2.0\Browsers" 0 KB ,Flags: 64
[2025-08-05 15:33:51]: Added  : "MonoBleedingEdge\etc\mono\2.0\Browsers\Compat.browser" 2 KB 
[2025-08-05 15:33:51]: Added  : "MonoBleedingEdge\etc\mono\2.0\DefaultWsdlHelpGenerator.aspx" 60 KB 
[2025-08-05 15:33:51]: Added  : "MonoBleedingEdge\etc\mono\2.0\machine.config" 29 KB 
[2025-08-05 15:33:51]: Added  : "MonoBleedingEdge\etc\mono\2.0\settings.map" 3 KB 
[2025-08-05 15:33:51]: Added  : "MonoBleedingEdge\etc\mono\2.0\web.config" 12 KB 
[2025-08-05 15:33:51]: Added  : "MonoBleedingEdge\etc\mono\4.0" 0 KB ,Flags: 64
[2025-08-05 15:33:51]: Added  : "MonoBleedingEdge\etc\mono\4.0\Browsers" 0 KB ,Flags: 64
[2025-08-05 15:33:51]: Added  : "MonoBleedingEdge\etc\mono\4.0\Browsers\Compat.browser" 2 KB 
[2025-08-05 15:33:51]: Added  : "MonoBleedingEdge\etc\mono\4.0\DefaultWsdlHelpGenerator.aspx" 60 KB 
[2025-08-05 15:33:51]: Added  : "MonoBleedingEdge\etc\mono\4.0\machine.config" 33 KB 
[2025-08-05 15:33:51]: Added  : "MonoBleedingEdge\etc\mono\4.0\settings.map" 3 KB 
[2025-08-05 15:33:51]: Added  : "MonoBleedingEdge\etc\mono\4.0\web.config" 19 KB 
[2025-08-05 15:33:51]: Added  : "MonoBleedingEdge\etc\mono\4.5" 0 KB ,Flags: 64
[2025-08-05 15:33:51]: Added  : "MonoBleedingEdge\etc\mono\4.5\Browsers" 0 KB ,Flags: 64
[2025-08-05 15:33:51]: Added  : "MonoBleedingEdge\etc\mono\4.5\Browsers\Compat.browser" 2 KB 
[2025-08-05 15:33:51]: Added  : "MonoBleedingEdge\etc\mono\4.5\DefaultWsdlHelpGenerator.aspx" 60 KB 
[2025-08-05 15:33:51]: Added  : "MonoBleedingEdge\etc\mono\4.5\machine.config" 34 KB 
[2025-08-05 15:33:51]: Added  : "MonoBleedingEdge\etc\mono\4.5\settings.map" 3 KB 
[2025-08-05 15:33:51]: Added  : "MonoBleedingEdge\etc\mono\4.5\web.config" 19 KB 
[2025-08-05 15:33:51]: Added  : "MonoBleedingEdge\etc\mono\browscap.ini" 305 KB 
[2025-08-05 15:33:51]: Added  : "MonoBleedingEdge\etc\mono\config" 4 KB 
[2025-08-05 15:33:51]: Added  : "MonoBleedingEdge\etc\mono\mconfig" 0 KB ,Flags: 64
[2025-08-05 15:33:51]: Added  : "MonoBleedingEdge\etc\mono\mconfig\config.xml" 26 KB 
[2025-08-05 15:33:51]: Added  : "Table for None Demo.exe" 651 KB 
[2025-08-05 15:33:51]: Added  : "Table for None Demo_Data" 0 KB ,Flags: 64
[2025-08-05 15:33:51]: Added  : "Table for None Demo_Data\app.info" 1 KB 
[2025-08-05 15:33:51]: Added  : "Table for None Demo_Data\boot.config" 1 KB 
[2025-08-05 15:33:51]: Added  : "Table for None Demo_Data\globalgamemanagers" 206 KB 
[2025-08-05 15:33:51]: Added  : "Table for None Demo_Data\globalgamemanagers.assets" 850 KB 
[2025-08-05 15:33:51]: Added  : "Table for None Demo_Data\globalgamemanagers.assets.resS" 6591 KB 
[2025-08-05 15:33:51]: Added  : "Table for None Demo_Data\level0" 95 KB 
[2025-08-05 15:33:51]: Added  : "Table for None Demo_Data\level1" 1463 KB 
[2025-08-05 15:33:51]: Added  : "Table for None Demo_Data\Managed" 0 KB ,Flags: 64
[2025-08-05 15:33:51]: Added  : "Table for None Demo_Data\Managed\AllIn1SpriteShaderAssembly.dll" 29 KB 
[2025-08-05 15:33:51]: Added  : "Table for None Demo_Data\Managed\Assembly-CSharp.dll" 868 KB 
[2025-08-05 15:33:51]: Added  : "Table for None Demo_Data\Managed\bezi-websocket-sharp.dll" 239 KB 
[2025-08-05 15:33:51]: Added  : "Table for None Demo_Data\Managed\FMODUnity.dll" 224 KB 
[2025-08-05 15:33:51]: Added  : "Table for None Demo_Data\Managed\FMODUnityResonance.dll" 11 KB 
[2025-08-05 15:33:51]: Added  : "Table for None Demo_Data\Managed\Microsoft.CodeAnalysis.CSharp.dll" 6873 KB 
[2025-08-05 15:33:51]: Added  : "Table for None Demo_Data\Managed\Microsoft.CodeAnalysis.dll" 4808 KB 
[2025-08-05 15:33:51]: Added  : "Table for None Demo_Data\Managed\Mono.Security.dll" 236 KB 
[2025-08-05 15:33:51]: Added  : "Table for None Demo_Data\Managed\mscorlib.dll" 4523 KB 
[2025-08-05 15:33:51]: Added  : "Table for None Demo_Data\Managed\netstandard.dll" 88 KB 
[2025-08-05 15:33:51]: Added  : "Table for None Demo_Data\Managed\Newtonsoft.Json.dll" 676 KB 
[2025-08-05 15:33:51]: Added  : "Table for None Demo_Data\Managed\Sentry.dll" 682 KB 
[2025-08-05 15:33:51]: Added  : "Table for None Demo_Data\Managed\Sentry.Microsoft.Bcl.AsyncInterfaces.dll" 13 KB 
[2025-08-05 15:33:51]: Added  : "Table for None Demo_Data\Managed\Sentry.System.Buffers.dll" 12 KB 
[2025-08-05 15:33:51]: Added  : "Table for None Demo_Data\Managed\Sentry.System.Collections.Immutable.dll" 175 KB 
[2025-08-05 15:33:51]: Added  : "Table for None Demo_Data\Managed\Sentry.System.Memory.dll" 129 KB 
[2025-08-05 15:33:51]: Added  : "Table for None Demo_Data\Managed\Sentry.System.Numerics.Vectors.dll" 144 KB 
[2025-08-05 15:33:51]: Added  : "Table for None Demo_Data\Managed\Sentry.System.Reflection.Metadata.dll" 441 KB 
[2025-08-05 15:33:51]: Added  : "Table for None Demo_Data\Managed\Sentry.System.Runtime.CompilerServices.Unsafe.dll" 9 KB 
[2025-08-05 15:33:51]: Added  : "Table for None Demo_Data\Managed\Sentry.System.Text.Encodings.Web.dll" 66 KB 
[2025-08-05 15:33:51]: Added  : "Table for None Demo_Data\Managed\Sentry.System.Text.Json.dll" 487 KB 
[2025-08-05 15:33:51]: Added  : "Table for None Demo_Data\Managed\Sentry.System.Threading.Tasks.Extensions.dll" 17 KB 
[2025-08-05 15:33:51]: Added  : "Table for None Demo_Data\Managed\SharpToken.dll" 7219 KB 
[2025-08-05 15:33:51]: Added  : "Table for None Demo_Data\Managed\SingularityGroup.HotReload.Runtime.dll" 4 KB 
[2025-08-05 15:33:51]: Added  : "Table for None Demo_Data\Managed\SingularityGroup.HotReload.Runtime.Public.dll" 7 KB 
[2025-08-05 15:33:51]: Added  : "Table for None Demo_Data\Managed\System.Buffers.dll" 5 KB 
[2025-08-05 15:33:51]: Added  : "Table for None Demo_Data\Managed\System.Collections.Immutable.dll" 247 KB 
[2025-08-05 15:33:51]: Added  : "Table for None Demo_Data\Managed\System.ComponentModel.Composition.dll" 251 KB 
[2025-08-05 15:33:51]: Added  : "Table for None Demo_Data\Managed\System.Configuration.dll" 122 KB 
[2025-08-05 15:33:51]: Added  : "Table for None Demo_Data\Managed\System.Core.dll" 1087 KB 
[2025-08-05 15:33:51]: Added  : "Table for None Demo_Data\Managed\System.Data.DataSetExtensions.dll" 29 KB 
[2025-08-05 15:33:51]: Added  : "Table for None Demo_Data\Managed\System.Data.dll" 2069 KB 
[2025-08-05 15:33:51]: Added  : "Table for None Demo_Data\Managed\System.dll" 2576 KB 
[2025-08-05 15:33:51]: Added  : "Table for None Demo_Data\Managed\System.Drawing.dll" 479 KB 
[2025-08-05 15:33:51]: Added  : "Table for None Demo_Data\Managed\System.EnterpriseServices.dll" 44 KB 
[2025-08-05 15:33:51]: Added  : "Table for None Demo_Data\Managed\System.IO.Compression.dll" 112 KB 
[2025-08-05 15:33:51]: Added  : "Table for None Demo_Data\Managed\System.IO.Compression.FileSystem.dll" 18 KB 
[2025-08-05 15:33:51]: Added  : "Table for None Demo_Data\Managed\System.Memory.dll" 5 KB 
[2025-08-05 15:33:51]: Added  : "Table for None Demo_Data\Managed\System.Net.Http.dll" 119 KB 
[2025-08-05 15:33:51]: Added  : "Table for None Demo_Data\Managed\System.Numerics.dll" 117 KB 
[2025-08-05 15:33:51]: Added  : "Table for None Demo_Data\Managed\System.Reflection.Metadata.dll" 477 KB 
[2025-08-05 15:33:51]: Added  : "Table for None Demo_Data\Managed\System.Runtime.CompilerServices.Unsafe.dll" 18 KB 
[2025-08-05 15:33:51]: Added  : "Table for None Demo_Data\Managed\System.Runtime.dll" 12 KB 
[2025-08-05 15:33:51]: Added  : "Table for None Demo_Data\Managed\System.Runtime.Serialization.dll" 913 KB 
[2025-08-05 15:33:51]: Added  : "Table for None Demo_Data\Managed\System.Security.dll" 313 KB 
[2025-08-05 15:33:51]: Added  : "Table for None Demo_Data\Managed\System.ServiceModel.Internals.dll" 210 KB 
[2025-08-05 15:33:51]: Added  : "Table for None Demo_Data\Managed\System.Text.Encoding.CodePages.dll" 5 KB 
[2025-08-05 15:33:51]: Added  : "Table for None Demo_Data\Managed\System.Threading.Tasks.Extensions.dll" 5 KB 
[2025-08-05 15:33:51]: Added  : "Table for None Demo_Data\Managed\System.Transactions.dll" 35 KB 
[2025-08-05 15:33:51]: Added  : "Table for None Demo_Data\Managed\System.Xml.dll" 3086 KB 
[2025-08-05 15:33:51]: Added  : "Table for None Demo_Data\Managed\System.Xml.Linq.dll" 134 KB 
[2025-08-05 15:33:51]: Added  : "Table for None Demo_Data\Managed\Unity.2D.Animation.Runtime.dll" 69 KB 
[2025-08-05 15:33:51]: Added  : "Table for None Demo_Data\Managed\Unity.2D.Common.Runtime.dll" 44 KB 
[2025-08-05 15:33:51]: Added  : "Table for None Demo_Data\Managed\Unity.2D.IK.Runtime.dll" 20 KB 
[2025-08-05 15:33:51]: Added  : "Table for None Demo_Data\Managed\Unity.2D.PixelPerfect.dll" 12 KB 
[2025-08-05 15:33:51]: Added  : "Table for None Demo_Data\Managed\Unity.2D.SpriteShape.Runtime.dll" 103 KB 
[2025-08-05 15:33:51]: Added  : "Table for None Demo_Data\Managed\Unity.2D.Tilemap.Extras.dll" 33 KB 
[2025-08-05 15:33:51]: Added  : "Table for None Demo_Data\Managed\Unity.Addressables.dll" 109 KB 
[2025-08-05 15:33:51]: Added  : "Table for None Demo_Data\Managed\Unity.Burst.dll" 309 KB 
[2025-08-05 15:33:51]: Added  : "Table for None Demo_Data\Managed\Unity.Burst.Unsafe.dll" 6 KB 
[2025-08-05 15:33:51]: Added  : "Table for None Demo_Data\Managed\Unity.Collections.dll" 356 KB 
[2025-08-05 15:33:51]: Added  : "Table for None Demo_Data\Managed\Unity.Collections.LowLevel.ILSupport.dll" 4 KB 
[2025-08-05 15:33:51]: Added  : "Table for None Demo_Data\Managed\Unity.InputSystem.dll" 1076 KB 
[2025-08-05 15:33:51]: Added  : "Table for None Demo_Data\Managed\Unity.InputSystem.ForUI.dll" 4 KB 
[2025-08-05 15:33:51]: Added  : "Table for None Demo_Data\Managed\Unity.InternalAPIEngineBridge.001.dll" 6 KB 
[2025-08-05 15:33:51]: Added  : "Table for None Demo_Data\Managed\Unity.InternalAPIEngineBridge.013.dll" 6 KB 
[2025-08-05 15:33:51]: Added  : "Table for None Demo_Data\Managed\Unity.Localization.dll" 283 KB 
[2025-08-05 15:33:51]: Added  : "Table for None Demo_Data\Managed\Unity.Mathematics.dll" 724 KB 
[2025-08-05 15:33:51]: Added  : "Table for None Demo_Data\Managed\Unity.Postprocessing.Runtime.dll" 159 KB 
[2025-08-05 15:33:51]: Added  : "Table for None Demo_Data\Managed\Unity.Recorder.Base.dll" 6 KB 
[2025-08-05 15:33:51]: Added  : "Table for None Demo_Data\Managed\Unity.Recorder.dll" 7 KB 
[2025-08-05 15:33:51]: Added  : "Table for None Demo_Data\Managed\Unity.RenderPipeline.Universal.ShaderLibrary.dll" 8 KB 
[2025-08-05 15:33:51]: Added  : "Table for None Demo_Data\Managed\Unity.RenderPipelines.Core.Runtime.dll" 515 KB 
[2025-08-05 15:33:51]: Added  : "Table for None Demo_Data\Managed\Unity.RenderPipelines.Core.ShaderLibrary.dll" 5 KB 
[2025-08-05 15:33:51]: Added  : "Table for None Demo_Data\Managed\Unity.RenderPipelines.ShaderGraph.ShaderGraphLibrary.dll" 5 KB 
[2025-08-05 15:33:51]: Added  : "Table for None Demo_Data\Managed\Unity.RenderPipelines.Universal.Runtime.dll" 728 KB 
[2025-08-05 15:33:51]: Added  : "Table for None Demo_Data\Managed\Unity.RenderPipelines.Universal.Shaders.dll" 5 KB 
[2025-08-05 15:33:51]: Added  : "Table for None Demo_Data\Managed\Unity.ResourceManager.dll" 129 KB 
[2025-08-05 15:33:51]: Added  : "Table for None Demo_Data\Managed\Unity.ScriptableBuildPipeline.dll" 9 KB 
[2025-08-05 15:33:51]: Added  : "Table for None Demo_Data\Managed\Unity.TextMeshPro.dll" 372 KB 
[2025-08-05 15:33:51]: Added  : "Table for None Demo_Data\Managed\Unity.Timeline.dll" 125 KB 
[2025-08-05 15:33:51]: Added  : "Table for None Demo_Data\Managed\Unity.VisualScripting.Antlr3.Runtime.dll" 84 KB 
[2025-08-05 15:33:51]: Added  : "Table for None Demo_Data\Managed\Unity.VisualScripting.Core.dll" 611 KB 
[2025-08-05 15:33:51]: Added  : "Table for None Demo_Data\Managed\Unity.VisualScripting.Flow.dll" 395 KB 
[2025-08-05 15:33:51]: Added  : "Table for None Demo_Data\Managed\Unity.VisualScripting.State.dll" 32 KB 
[2025-08-05 15:33:51]: Added  : "Table for None Demo_Data\Managed\UnityEngine.AccessibilityModule.dll" 24 KB 
[2025-08-05 15:33:51]: Added  : "Table for None Demo_Data\Managed\UnityEngine.AIModule.dll" 57 KB 
[2025-08-05 15:33:51]: Added  : "Table for None Demo_Data\Managed\UnityEngine.AndroidJNIModule.dll" 92 KB 
[2025-08-05 15:33:51]: Added  : "Table for None Demo_Data\Managed\UnityEngine.AnimationModule.dll" 161 KB 
[2025-08-05 15:33:51]: Added  : "Table for None Demo_Data\Managed\UnityEngine.ARModule.dll" 21 KB 
[2025-08-05 15:33:51]: Added  : "Table for None Demo_Data\Managed\UnityEngine.AssetBundleModule.dll" 33 KB 
[2025-08-05 15:33:51]: Added  : "Table for None Demo_Data\Managed\UnityEngine.AudioModule.dll" 70 KB 
[2025-08-05 15:33:51]: Added  : "Table for None Demo_Data\Managed\UnityEngine.ClothModule.dll" 26 KB 
[2025-08-05 15:33:51]: Added  : "Table for None Demo_Data\Managed\UnityEngine.ClusterInputModule.dll" 22 KB 
[2025-08-05 15:33:51]: Added  : "Table for None Demo_Data\Managed\UnityEngine.ClusterRendererModule.dll" 22 KB 
[2025-08-05 15:33:51]: Added  : "Table for None Demo_Data\Managed\UnityEngine.ContentLoadModule.dll" 27 KB 
[2025-08-05 15:33:51]: Added  : "Table for None Demo_Data\Managed\UnityEngine.CoreModule.dll" 1343 KB 
[2025-08-05 15:33:51]: Added  : "Table for None Demo_Data\Managed\UnityEngine.CrashReportingModule.dll" 21 KB 
[2025-08-05 15:33:51]: Added  : "Table for None Demo_Data\Managed\UnityEngine.DirectorModule.dll" 25 KB 
[2025-08-05 15:33:51]: Added  : "Table for None Demo_Data\Managed\UnityEngine.dll" 123 KB 
[2025-08-05 15:33:51]: Added  : "Table for None Demo_Data\Managed\UnityEngine.DSPGraphModule.dll" 29 KB 
[2025-08-05 15:33:51]: Added  : "Table for None Demo_Data\Managed\UnityEngine.GameCenterModule.dll" 40 KB 
[2025-08-05 15:33:51]: Added  : "Table for None Demo_Data\Managed\UnityEngine.GIModule.dll" 20 KB 
[2025-08-05 15:33:51]: Added  : "Table for None Demo_Data\Managed\UnityEngine.GridModule.dll" 25 KB 
[2025-08-05 15:33:51]: Added  : "Table for None Demo_Data\Managed\UnityEngine.HotReloadModule.dll" 20 KB 
[2025-08-05 15:33:51]: Added  : "Table for None Demo_Data\Managed\UnityEngine.ImageConversionModule.dll" 24 KB 
[2025-08-05 15:33:51]: Added  : "Table for None Demo_Data\Managed\UnityEngine.IMGUIModule.dll" 186 KB 
[2025-08-05 15:33:51]: Added  : "Table for None Demo_Data\Managed\UnityEngine.InputLegacyModule.dll" 39 KB 
[2025-08-05 15:33:51]: Added  : "Table for None Demo_Data\Managed\UnityEngine.InputModule.dll" 24 KB 
[2025-08-05 15:33:51]: Added  : "Table for None Demo_Data\Managed\UnityEngine.JSONSerializeModule.dll" 22 KB 
[2025-08-05 15:33:51]: Added  : "Table for None Demo_Data\Managed\UnityEngine.LocalizationModule.dll" 21 KB 
[2025-08-05 15:33:51]: Added  : "Table for None Demo_Data\Managed\UnityEngine.NVIDIAModule.dll" 34 KB 
[2025-08-05 15:33:51]: Added  : "Table for None Demo_Data\Managed\UnityEngine.ParticleSystemModule.dll" 153 KB 
[2025-08-05 15:33:51]: Added  : "Table for None Demo_Data\Managed\UnityEngine.PerformanceReportingModule.dll" 21 KB 
[2025-08-05 15:33:51]: Added  : "Table for None Demo_Data\Managed\UnityEngine.Physics2DModule.dll" 139 KB 
[2025-08-05 15:33:51]: Added  : "Table for None Demo_Data\Managed\UnityEngine.PhysicsModule.dll" 136 KB 
[2025-08-05 15:33:51]: Added  : "Table for None Demo_Data\Managed\UnityEngine.ProfilerModule.dll" 20 KB 
[2025-08-05 15:33:51]: Added  : "Table for None Demo_Data\Managed\UnityEngine.PropertiesModule.dll" 149 KB 
[2025-08-05 15:33:51]: Added  : "Table for None Demo_Data\Managed\UnityEngine.RuntimeInitializeOnLoadManagerInitializerModule.dll" 20 KB 
[2025-08-05 15:33:51]: Added  : "Table for None Demo_Data\Managed\UnityEngine.ScreenCaptureModule.dll" 21 KB 
[2025-08-05 15:33:51]: Added  : "Table for None Demo_Data\Managed\UnityEngine.SharedInternalsModule.dll" 33 KB 
[2025-08-05 15:33:51]: Added  : "Table for None Demo_Data\Managed\UnityEngine.SpriteMaskModule.dll" 22 KB 
[2025-08-05 15:33:51]: Added  : "Table for None Demo_Data\Managed\UnityEngine.SpriteShapeModule.dll" 26 KB 
[2025-08-05 15:33:51]: Added  : "Table for None Demo_Data\Managed\UnityEngine.StreamingModule.dll" 21 KB 
[2025-08-05 15:33:51]: Added  : "Table for None Demo_Data\Managed\UnityEngine.SubstanceModule.dll" 25 KB 
[2025-08-05 15:33:51]: Added  : "Table for None Demo_Data\Managed\UnityEngine.SubsystemsModule.dll" 35 KB 
[2025-08-05 15:33:51]: Added  : "Table for None Demo_Data\Managed\UnityEngine.TerrainModule.dll" 99 KB 
[2025-08-05 15:33:51]: Added  : "Table for None Demo_Data\Managed\UnityEngine.TerrainPhysicsModule.dll" 21 KB 
[2025-08-05 15:33:51]: Added  : "Table for None Demo_Data\Managed\UnityEngine.TextCoreFontEngineModule.dll" 71 KB 
[2025-08-05 15:33:51]: Added  : "Table for None Demo_Data\Managed\UnityEngine.TextCoreTextEngineModule.dll" 245 KB 
[2025-08-05 15:33:51]: Added  : "Table for None Demo_Data\Managed\UnityEngine.TextRenderingModule.dll" 39 KB 
[2025-08-05 15:33:51]: Added  : "Table for None Demo_Data\Managed\UnityEngine.TilemapModule.dll" 46 KB 
[2025-08-05 15:33:51]: Added  : "Table for None Demo_Data\Managed\UnityEngine.TLSModule.dll" 27 KB 
[2025-08-05 15:33:51]: Added  : "Table for None Demo_Data\Managed\UnityEngine.UI.dll" 259 KB 
[2025-08-05 15:33:51]: Added  : "Table for None Demo_Data\Managed\UnityEngine.UIElementsModule.dll" 1480 KB 
[2025-08-05 15:33:51]: Added  : "Table for None Demo_Data\Managed\UnityEngine.UIModule.dll" 36 KB 
[2025-08-05 15:33:51]: Added  : "Table for None Demo_Data\Managed\UnityEngine.UmbraModule.dll" 20 KB 
[2025-08-05 15:33:51]: Added  : "Table for None Demo_Data\Managed\UnityEngine.UnityAnalyticsCommonModule.dll" 21 KB 
[2025-08-05 15:33:51]: Added  : "Table for None Demo_Data\Managed\UnityEngine.UnityAnalyticsModule.dll" 44 KB 
[2025-08-05 15:33:51]: Added  : "Table for None Demo_Data\Managed\UnityEngine.UnityConnectModule.dll" 22 KB 
[2025-08-05 15:33:51]: Added  : "Table for None Demo_Data\Managed\UnityEngine.UnityCurlModule.dll" 22 KB 
[2025-08-05 15:33:51]: Added  : "Table for None Demo_Data\Managed\UnityEngine.UnityTestProtocolModule.dll" 20 KB 
[2025-08-05 15:33:51]: Added  : "Table for None Demo_Data\Managed\UnityEngine.UnityWebRequestAssetBundleModule.dll" 23 KB 
[2025-08-05 15:33:51]: Added  : "Table for None Demo_Data\Managed\UnityEngine.UnityWebRequestAudioModule.dll" 23 KB 
[2025-08-05 15:33:51]: Added  : "Table for None Demo_Data\Managed\UnityEngine.UnityWebRequestModule.dll" 57 KB 
[2025-08-05 15:33:51]: Added  : "Table for None Demo_Data\Managed\UnityEngine.UnityWebRequestTextureModule.dll" 22 KB 
[2025-08-05 15:33:51]: Added  : "Table for None Demo_Data\Managed\UnityEngine.UnityWebRequestWWWModule.dll" 31 KB 
[2025-08-05 15:33:51]: Added  : "Table for None Demo_Data\Managed\UnityEngine.VehiclesModule.dll" 24 KB 
[2025-08-05 15:33:51]: Added  : "Table for None Demo_Data\Managed\UnityEngine.VFXModule.dll" 58 KB 
[2025-08-05 15:33:51]: Added  : "Table for None Demo_Data\Managed\UnityEngine.VideoModule.dll" 41 KB 
[2025-08-05 15:33:51]: Added  : "Table for None Demo_Data\Managed\UnityEngine.VirtualTexturingModule.dll" 35 KB 
[2025-08-05 15:33:51]: Added  : "Table for None Demo_Data\Managed\UnityEngine.VRModule.dll" 26 KB 
[2025-08-05 15:33:51]: Added  : "Table for None Demo_Data\Managed\UnityEngine.WindModule.dll" 21 KB 
[2025-08-05 15:33:51]: Added  : "Table for None Demo_Data\Managed\UnityEngine.XRModule.dll" 70 KB 
[2025-08-05 15:33:51]: Added  : "Table for None Demo_Data\Plugins" 0 KB ,Flags: 64
[2025-08-05 15:33:51]: Added  : "Table for None Demo_Data\Plugins\x86_64" 0 KB ,Flags: 64
[2025-08-05 15:33:51]: Added  : "Table for None Demo_Data\Plugins\x86_64\fmodstudio.dll" 3093 KB 
[2025-08-05 15:33:51]: Added  : "Table for None Demo_Data\Plugins\x86_64\lib_burst_generated.dll" 275 KB 
[2025-08-05 15:33:51]: Added  : "Table for None Demo_Data\Plugins\x86_64\resonanceaudio.dll" 798 KB 
[2025-08-05 15:33:51]: Added  : "Table for None Demo_Data\Resources" 0 KB ,Flags: 64
[2025-08-05 15:33:51]: Added  : "Table for None Demo_Data\resources.assets" 738 KB 
[2025-08-05 15:33:51]: Added  : "Table for None Demo_Data\resources.assets.resS" 1373 KB 
[2025-08-05 15:33:51]: Added  : "Table for None Demo_Data\Resources\unity default resources" 1515 KB 
[2025-08-05 15:33:51]: Added  : "Table for None Demo_Data\Resources\unity_builtin_extra" 373 KB 
[2025-08-05 15:33:51]: Added  : "Table for None Demo_Data\RuntimeInitializeOnLoads.json" 2 KB 
[2025-08-05 15:33:51]: Added  : "Table for None Demo_Data\ScriptingAssemblies.json" 5 KB 
[2025-08-05 15:33:51]: Added  : "Table for None Demo_Data\sharedassets0.assets" 1596 KB 
[2025-08-05 15:33:51]: Added  : "Table for None Demo_Data\sharedassets0.assets.resS" 20861 KB 
[2025-08-05 15:33:51]: Added  : "Table for None Demo_Data\sharedassets1.assets" 3814 KB 
[2025-08-05 15:33:51]: Added  : "Table for None Demo_Data\sharedassets1.assets.resS" 15394 KB 
[2025-08-05 15:33:51]: Added  : "Table for None Demo_Data\sharedassets1.resource" 7028 KB 
[2025-08-05 15:33:51]: Added  : "Table for None Demo_Data\StreamingAssets" 0 KB ,Flags: 64
[2025-08-05 15:33:51]: Added  : "Table for None Demo_Data\StreamingAssets\aa" 0 KB ,Flags: 64
[2025-08-05 15:33:51]: Added  : "Table for None Demo_Data\StreamingAssets\aa\AddressablesLink" 0 KB ,Flags: 64
[2025-08-05 15:33:51]: Added  : "Table for None Demo_Data\StreamingAssets\aa\AddressablesLink\link.xml" 3 KB 
[2025-08-05 15:33:51]: Added  : "Table for None Demo_Data\StreamingAssets\aa\catalog.json" 28 KB 
[2025-08-05 15:33:51]: Added  : "Table for None Demo_Data\StreamingAssets\aa\settings.json" 2 KB 
[2025-08-05 15:33:51]: Added  : "Table for None Demo_Data\StreamingAssets\aa\StandaloneWindows64" 0 KB ,Flags: 64
[2025-08-05 15:33:51]: Added  : "Table for None Demo_Data\StreamingAssets\aa\StandaloneWindows64\localization-asset-tables-english(en)_assets_all.bundle" 9 KB 
[2025-08-05 15:33:51]: Added  : "Table for None Demo_Data\StreamingAssets\aa\StandaloneWindows64\localization-asset-tables-korean(ko)_assets_all.bundle" 9 KB 
[2025-08-05 15:33:51]: Added  : "Table for None Demo_Data\StreamingAssets\aa\StandaloneWindows64\localization-assets-english(en)_assets_all.bundle" 96 KB 
[2025-08-05 15:33:51]: Added  : "Table for None Demo_Data\StreamingAssets\aa\StandaloneWindows64\localization-assets-korean(ko)_assets_all.bundle" 77 KB 
[2025-08-05 15:33:51]: Added  : "Table for None Demo_Data\StreamingAssets\aa\StandaloneWindows64\localization-assets-shared_assets_all.bundle" 7 KB 
[2025-08-05 15:33:51]: Added  : "Table for None Demo_Data\StreamingAssets\aa\StandaloneWindows64\localization-locales_assets_all.bundle" 3 KB 
[2025-08-05 15:33:51]: Added  : "Table for None Demo_Data\StreamingAssets\BGM.bank" 1328 KB 
[2025-08-05 15:33:51]: Added  : "Table for None Demo_Data\StreamingAssets\Master.bank" 2 KB 
[2025-08-05 15:33:51]: Added  : "Table for None Demo_Data\StreamingAssets\Master.strings.bank" 3 KB 
[2025-08-05 15:33:51]: Added  : "Table for None Demo_Data\StreamingAssets\SFX.bank" 1124 KB 
[2025-08-05 15:33:51]: Added  : "UnityCrashHandler64.exe" 1089 KB 
[2025-08-05 15:33:51]: Added  : "UnityPlayer.dll" 30000 KB 
[2025-08-05 15:33:51]: Summary: 231 files added (158.54 MB), 0 files changed (0 bytes), 0 files removed (0 bytes)
[2025-08-05 15:33:51]: Uploading new manifest to 192.69.99.15:80 (handle 9072410505327347595, 41478 bytes).
[2025-08-05 15:33:52]: Success! New manifestID 6301559889800264214 created and 0 new chunks uploaded.
